<?xml version="1.0" encoding="UTF-8"?>
<persistence version="2.1"
   xmlns="http://xmlns.jcp.org/xml/ns/persistence" xmlns:xsi="http://www.w3.org/2001/XMLSchema-instance"
   xsi:schemaLocation="
        http://xmlns.jcp.org/xml/ns/persistence
        http://xmlns.jcp.org/xml/ns/persistence/persistence_2_1.xsd">
   <persistence-unit name="pu-rideshare" transaction-type="JTA">
      <jta-data-source>java:jboss/datasources/rideshare-testDS</jta-data-source>
      <class>eu.netmobiel.commons.model.GeoLocation</class>
      <exclude-unlisted-classes>false</exclude-unlisted-classes>
      <properties>
         <!-- Properties for Hibernate -->
         <!-- create or create-drop will automatically try to run /import.sql -->
         <property name="javax.persistence.schema-generation.database.action" value="drop-and-create" />
<!--          <property name="javax.persistence.schema-generation.scripts.action" value="none" /> -->
<!--          <property name="javax.persistence.schema-generation.scripts.create-target" value="rideshare-create.sql" /> -->
		<property name="hibernate.jdbc.batch_size" value="100"/>
		<property name="hibernate.order_inserts" value="true"/>
		<property name="hibernate.order_updates" value="true"/>
        <property name="hibernate.show_sql" value="false" />
		<property name="hibernate.format_sql" value="true"/>
		<property name="hibernate.dialect" value="org.hibernate.spatial.dialect.postgis.PostgisDialect"/>
      </properties>
   </persistence-unit>
</persistence>
